<?xml version="1.0" encoding="utf-8" standalone="no"?>
<test-run id="0" runstate="Runnable" testcasecount="13" result="Passed" total="13" passed="13" failed="0" warnings="0" inconclusive="0" skipped="0" asserts="31" engine-version="3.20.1.0" clr-version="4.0.30319.42000" start-time="2026-09-23 01:21:09Z" end-time="2026-09-23 01:21:10Z" duration="1.114629">
  <command-line><![CDATA["C:\Temp\SDKProject\TEAM3.Client.Widget.YourMonth\packages\NUnit.ConsoleRunner.3.20.1\tools\nunit3-console.exe" .\TEAM3.Client.Widget.YourMonth.Tests\bin\Debug\TEAM3.Client.Widget.YourMonth.Tests.dll --noresult]]></command-line>
  <test-suite type="Assembly" id="1-1014" name="TEAM3.Client.Widget.YourMonth.Tests.dll" fullname="C:\Temp\SDKProject\TEAM3.Client.Widget.YourMonth\TEAM3.Client.Widget.YourMonth.Tests\bin\Debug\TEAM3.Client.Widget.YourMonth.Tests.dll" runstate="Runnable" testcasecount="13" result="Passed" start-time="2026-09-23T01:21:09.8643322Z" end-time="2026-09-23T01:21:10.3532339Z" duration="0.487829" total="13" passed="13" failed="0" warnings="0" inconclusive="0" skipped="0" asserts="31">
    <environment framework-version="3.14.0.0" clr-version="4.0.30319.42000" os-version="Microsoft Windows NT 10.0.26200.0" platform="Win32NT" cwd="C:\Temp\SDKProject\TEAM3.Client.Widget.YourMonth" machine-name="HACKATHON" user="test" user-domain="hackathon" culture="en-US" uiculture="en-US" os-architecture="x64" />
    <settings>
      <setting name="DisposeRunners" value="True" />
      <setting name="WorkDirectory" value="C:\Temp\SDKProject\TEAM3.Client.Widget.YourMonth" />
      <setting name="ImageRuntimeVersion" value="4.0.30319" />
      <setting name="ImageTargetFrameworkName" value=".NETFramework,Version=v4.8" />
      <setting name="ImageRequiresX86" value="False" />
      <setting name="ImageRequiresDefaultAppDomainAssemblyResolver" value="False" />
      <setting name="TargetRuntimeFramework" value="net-4.8" />
      <setting name="NumberOfTestWorkers" value="16" />
    </settings>
    <properties>
      <property name="_PID" value="35808" />
      <property name="_APPDOMAIN" value="domain-" />
    </properties>
    <test-suite type="TestSuite" id="1-1015" name="TEAM3" fullname="TEAM3" runstate="Runnable" testcasecount="13" result="Passed" start-time="2026-09-23T01:21:09.8701911Z" end-time="2026-09-23T01:21:10.3532339Z" duration="0.472064" total="13" passed="13" failed="0" warnings="0" inconclusive="0" skipped="0" asserts="31">
      <test-suite type="TestSuite" id="1-1016" name="Client" fullname="TEAM3.Client" runstate="Runnable" testcasecount="13" result="Passed" start-time="2026-09-23T01:21:09.8701911Z" end-time="2026-09-23T01:21:10.3532339Z" duration="0.471695" total="13" passed="13" failed="0" warnings="0" inconclusive="0" skipped="0" asserts="31">
        <test-suite type="TestSuite" id="1-1017" name="Widget" fullname="TEAM3.Client.Widget" runstate="Runnable" testcasecount="13" result="Passed" start-time="2026-09-23T01:21:09.8701911Z" end-time="2026-09-23T01:21:10.3532339Z" duration="0.471679" total="13" passed="13" failed="0" warnings="0" inconclusive="0" skipped="0" asserts="31">
          <test-suite type="TestSuite" id="1-1018" name="YourMonth" fullname="TEAM3.Client.Widget.YourMonth" runstate="Runnable" testcasecount="13" result="Passed" start-time="2026-09-23T01:21:09.8701911Z" end-time="2026-09-23T01:21:10.3532339Z" duration="0.471671" total="13" passed="13" failed="0" warnings="0" inconclusive="0" skipped="0" asserts="31">
            <test-suite type="TestSuite" id="1-1019" name="Tests" fullname="TEAM3.Client.Widget.YourMonth.Tests" runstate="Runnable" testcasecount="13" result="Passed" start-time="2026-09-23T01:21:09.8701911Z" end-time="2026-09-23T01:21:10.3532339Z" duration="0.471659" total="13" passed="13" failed="0" warnings="0" inconclusive="0" skipped="0" asserts="31">
              <test-suite type="TestFixture" id="1-1000" name="MonthSummaryBuilderTests" fullname="TEAM3.Client.Widget.YourMonth.Tests.MonthSummaryBuilderTests" classname="TEAM3.Client.Widget.YourMonth.Tests.MonthSummaryBuilderTests" runstate="Runnable" testcasecount="13" result="Passed" start-time="2026-09-23T01:21:09.8701911Z" end-time="2026-09-23T01:21:10.3532339Z" duration="0.469214" total="13" passed="13" failed="0" warnings="0" inconclusive="0" skipped="0" asserts="31">
                <test-case id="1-1003" name="Build_ComputesPercentChange_AgainstLastMonth" fullname="TEAM3.Client.Widget.YourMonth.Tests.MonthSummaryBuilderTests.Build_ComputesPercentChange_AgainstLastMonth" methodname="Build_ComputesPercentChange_AgainstLastMonth" classname="TEAM3.Client.Widget.YourMonth.Tests.MonthSummaryBuilderTests" runstate="Runnable" seed="1379592713" result="Passed" start-time="2026-09-23T01:21:09.8870891Z" end-time="2026-09-23T01:21:10.3195936Z" duration="0.432894" asserts="1" />
                <test-case id="1-1013" name="Build_IgnoresVoidLikeZeroAmounts_InRecurringDetection" fullname="TEAM3.Client.Widget.YourMonth.Tests.MonthSummaryBuilderTests.Build_IgnoresVoidLikeZeroAmounts_InRecurringDetection" methodname="Build_IgnoresVoidLikeZeroAmounts_InRecurringDetection" classname="TEAM3.Client.Widget.YourMonth.Tests.MonthSummaryBuilderTests" runstate="Runnable" seed="597780162" result="Passed" start-time="2026-09-23T01:21:10.3195936Z" end-time="2026-09-23T01:21:10.3268628Z" duration="0.002782" asserts="1" />
                <test-case id="1-1010" name="Build_Insight_FallsBackToDefaultRules_OnInvalidJson" fullname="TEAM3.Client.Widget.YourMonth.Tests.MonthSummaryBuilderTests.Build_Insight_FallsBackToDefaultRules_OnInvalidJson" methodname="Build_Insight_FallsBackToDefaultRules_OnInvalidJson" classname="TEAM3.Client.Widget.YourMonth.Tests.MonthSummaryBuilderTests" runstate="Runnable" seed="156591026" result="Passed" start-time="2026-09-23T01:21:10.3268628Z" end-time="2026-09-23T01:21:10.3365453Z" duration="0.012809" asserts="1" />
                <test-case id="1-1008" name="Build_Insight_PicksFirstMatchingRule_AndFillsTokens" fullname="TEAM3.Client.Widget.YourMonth.Tests.MonthSummaryBuilderTests.Build_Insight_PicksFirstMatchingRule_AndFillsTokens" methodname="Build_Insight_PicksFirstMatchingRule_AndFillsTokens" classname="TEAM3.Client.Widget.YourMonth.Tests.MonthSummaryBuilderTests" runstate="Runnable" seed="1404501308" result="Passed" start-time="2026-09-23T01:21:10.3365453Z" end-time="2026-09-23T01:21:10.3365453Z" duration="0.000684" asserts="2" />
                <test-case id="1-1009" name="Build_Insight_SkipsDismissedRules" fullname="TEAM3.Client.Widget.YourMonth.Tests.MonthSummaryBuilderTests.Build_Insight_SkipsDismissedRules" methodname="Build_Insight_SkipsDismissedRules" classname="TEAM3.Client.Widget.YourMonth.Tests.MonthSummaryBuilderTests" runstate="Runnable" seed="658760181" result="Passed" start-time="2026-09-23T01:21:10.3365453Z" end-time="2026-09-23T01:21:10.3365453Z" duration="0.000337" asserts="1" />
                <test-case id="1-1011" name="Build_Insight_WhenAllRulesDismissed_LeavesInsightNull" fullname="TEAM3.Client.Widget.YourMonth.Tests.MonthSummaryBuilderTests.Build_Insight_WhenAllRulesDismissed_LeavesInsightNull" methodname="Build_Insight_WhenAllRulesDismissed_LeavesInsightNull" classname="TEAM3.Client.Widget.YourMonth.Tests.MonthSummaryBuilderTests" runstate="Runnable" seed="792100107" result="Passed" start-time="2026-09-23T01:21:10.3365453Z" end-time="2026-09-23T01:21:10.3365453Z" duration="0.000382" asserts="2" />
                <test-case id="1-1006" name="Build_RecurringCharges_RequiresConsecutiveMonthsWithinTenPercent" fullname="TEAM3.Client.Widget.YourMonth.Tests.MonthSummaryBuilderTests.Build_RecurringCharges_RequiresConsecutiveMonthsWithinTenPercent" methodname="Build_RecurringCharges_RequiresConsecutiveMonthsWithinTenPercent" classname="TEAM3.Client.Widget.YourMonth.Tests.MonthSummaryBuilderTests" runstate="Runnable" seed="1408309188" result="Passed" start-time="2026-09-23T01:21:10.3365453Z" end-time="2026-09-23T01:21:10.3451960Z" duration="0.007191" asserts="3" />
                <test-case id="1-1007" name="Build_RecurringCharges_SkipsNonConsecutiveMonths" fullname="TEAM3.Client.Widget.YourMonth.Tests.MonthSummaryBuilderTests.Build_RecurringCharges_SkipsNonConsecutiveMonths" methodname="Build_RecurringCharges_SkipsNonConsecutiveMonths" classname="TEAM3.Client.Widget.YourMonth.Tests.MonthSummaryBuilderTests" runstate="Runnable" seed="1568802651" result="Passed" start-time="2026-09-23T01:21:10.3451960Z" end-time="2026-09-23T01:21:10.3451960Z" duration="0.000331" asserts="1" />
                <test-case id="1-1002" name="Build_SplitsSpendByCalendarMonth_AndIgnoresCredits" fullname="TEAM3.Client.Widget.YourMonth.Tests.MonthSummaryBuilderTests.Build_SplitsSpendByCalendarMonth_AndIgnoresCredits" methodname="Build_SplitsSpendByCalendarMonth_AndIgnoresCredits" classname="TEAM3.Client.Widget.YourMonth.Tests.MonthSummaryBuilderTests" runstate="Runnable" seed="1522338062" result="Passed" start-time="2026-09-23T01:21:10.3451960Z" end-time="2026-09-23T01:21:10.3451960Z" duration="0.000563" asserts="2" />
                <test-case id="1-1005" name="Build_TopMerchants_TakesTopThreeByTotal_WithNormalizedNames" fullname="TEAM3.Client.Widget.YourMonth.Tests.MonthSummaryBuilderTests.Build_TopMerchants_TakesTopThreeByTotal_WithNormalizedNames" methodname="Build_TopMerchants_TakesTopThreeByTotal_WithNormalizedNames" classname="TEAM3.Client.Widget.YourMonth.Tests.MonthSummaryBuilderTests" runstate="Runnable" seed="163558512" result="Passed" start-time="2026-09-23T01:21:10.3451960Z" end-time="2026-09-23T01:21:10.3451960Z" duration="0.001496" asserts="7" />
                <test-case id="1-1004" name="Build_WithNoSpendLastMonth_LeavesPercentChangeNull" fullname="TEAM3.Client.Widget.YourMonth.Tests.MonthSummaryBuilderTests.Build_WithNoSpendLastMonth_LeavesPercentChangeNull" methodname="Build_WithNoSpendLastMonth_LeavesPercentChangeNull" classname="TEAM3.Client.Widget.YourMonth.Tests.MonthSummaryBuilderTests" runstate="Runnable" seed="1437000281" result="Passed" start-time="2026-09-23T01:21:10.3451960Z" end-time="2026-09-23T01:21:10.3514281Z" duration="0.000380" asserts="1" />
                <test-case id="1-1001" name="Build_WithNoTransactions_ReturnsEmptySummary" fullname="TEAM3.Client.Widget.YourMonth.Tests.MonthSummaryBuilderTests.Build_WithNoTransactions_ReturnsEmptySummary" methodname="Build_WithNoTransactions_ReturnsEmptySummary" classname="TEAM3.Client.Widget.YourMonth.Tests.MonthSummaryBuilderTests" runstate="Runnable" seed="579605448" result="Passed" start-time="2026-09-23T01:21:10.3514281Z" end-time="2026-09-23T01:21:10.3514281Z" duration="0.000353" asserts="5" />
                <test-case id="1-1012" name="NormalizeDescription_StripsNoiseDigitsAndPunctuation" fullname="TEAM3.Client.Widget.YourMonth.Tests.MonthSummaryBuilderTests.NormalizeDescription_StripsNoiseDigitsAndPunctuation" methodname="NormalizeDescription_StripsNoiseDigitsAndPunctuation" classname="TEAM3.Client.Widget.YourMonth.Tests.MonthSummaryBuilderTests" runstate="Runnable" seed="1821445816" result="Passed" start-time="2026-09-23T01:21:10.3514281Z" end-time="2026-09-23T01:21:10.3522298Z" duration="0.000234" asserts="4" />
              </test-suite>
            </test-suite>
          </test-suite>
        </test-suite>
      </test-suite>
    </test-suite>
  </test-suite>
</test-run>